{
  "stats": {
    "suites": 1,
    "tests": 1,
    "passes": 1,
    "pending": 0,
    "failures": 0,
    "start": "2025-08-20T20:42:11.616Z",
    "end": "2025-08-20T20:42:16.065Z",
    "duration": 4449,
    "testsRegistered": 1,
    "passPercent": 100,
    "pendingPercent": 0,
    "other": 0,
    "hasOther": false,
    "skipped": 0,
    "hasSkipped": false
  },
  "results": [
    {
      "uuid": "b48fa403-c11b-486b-84cb-7519aa2f234f",
      "title": "",
      "fullFile": "cypress/e2e/webdriver-uni/autocomplete-dropdown-list.js",
      "file": "cypress/e2e/webdriver-uni/autocomplete-dropdown-list.js",
      "beforeHooks": [],
      "afterHooks": [],
      "tests": [],
      "suites": [
        {
          "uuid": "a76679f9-d083-4652-a8b8-994a8176cf1f",
          "title": "Verify Autocomplete dropwdown lists via webdriveruni",
          "fullFile": "",
          "file": "",
          "beforeHooks": [],
          "afterHooks": [],
          "tests": [
            {
              "title": "Select specific product via autocomplete list",
              "fullTitle": "Verify Autocomplete dropwdown lists via webdriveruni Select specific product via autocomplete list",
              "timedOut": null,
              "duration": 4421,
              "state": "passed",
              "speed": "fast",
              "pass": true,
              "fail": false,
              "pending": false,
              "context": null,
              "code": "cy.visit(\"http://www.webdriveruniversity.com\");\ncy.get('#autocomplete-textfield').invoke('removeAttr', 'target').click({\n  force: true\n});\ncy.get('#myInput').type('A');\ncy.get('#myInputautocomplete-list > *').each(($el, index, $list) => {\n  const prod = $el.text();\n  const productToSelect = 'Avacado';\n  if (prod === productToSelect) {\n    //$el.click();\n    $el.trigger(\"click\");\n    cy.get('#submit-button').click();\n    cy.url().should('include', productToSelect);\n  }\n}).then(() => {\n  cy.get('#myInput').type('g');\n  cy.get('#myInputautocomplete-list > *').each(($el, index, $list) => {\n    const prod = $el.text();\n    const productToSelect = 'Grapes';\n    if (prod === productToSelect) {\n      //$el.click();\n      $el.trigger(\"click\");\n      cy.get('#submit-button').click();\n      cy.url().should('include', productToSelect);\n    }\n  });\n});",
              "err": {},
              "uuid": "1d5e400e-8044-4937-9da2-1f8dc8ba0c22",
              "parentUUID": "a76679f9-d083-4652-a8b8-994a8176cf1f",
              "isHook": false,
              "skipped": false
            }
          ],
          "suites": [],
          "passes": [
            "1d5e400e-8044-4937-9da2-1f8dc8ba0c22"
          ],
          "failures": [],
          "pending": [],
          "skipped": [],
          "duration": 4421,
          "root": false,
          "rootEmpty": false,
          "_timeout": 2000
        }
      ],
      "passes": [],
      "failures": [],
      "pending": [],
      "skipped": [],
      "duration": 0,
      "root": true,
      "rootEmpty": true,
      "_timeout": 2000
    }
  ],
  "meta": {
    "mocha": {
      "version": "7.2.0"
    },
    "mochawesome": {
      "options": {
        "quiet": false,
        "reportFilename": "mochawesome",
        "saveHtml": false,
        "saveJson": true,
        "consoleReporter": "spec",
        "useInlineDiffs": false,
        "code": true
      },
      "version": "7.1.3"
    },
    "marge": {
      "options": {
        "id": "default",
        "reportDir": "cypress/results/mochawesome",
        "quite": true,
        "overwrite": false,
        "html": false,
        "json": true
      },
      "version": "6.2.0"
    }
  }
}