{
  "stats": {
    "suites": 1,
    "tests": 1,
    "passes": 0,
    "pending": 0,
    "failures": 1,
    "start": "2025-08-20T20:42:00.518Z",
    "end": "2025-08-20T20:42:01.254Z",
    "duration": 736,
    "testsRegistered": 1,
    "passPercent": 0,
    "pendingPercent": 0,
    "other": 0,
    "hasOther": false,
    "skipped": 0,
    "hasSkipped": false
  },
  "results": [
    {
      "uuid": "e62feac6-d42a-4db5-b8d0-efe48c2b11d9",
      "title": "",
      "fullFile": "cypress/e2e/automation-test-store/selectors.js",
      "file": "cypress/e2e/automation-test-store/selectors.js",
      "beforeHooks": [],
      "afterHooks": [],
      "tests": [],
      "suites": [
        {
          "uuid": "08903b60-d5d4-4de5-ae13-2fa0255cd7d2",
          "title": "Selector examples",
          "fullFile": "",
          "file": "",
          "beforeHooks": [],
          "afterHooks": [],
          "tests": [
            {
              "title": "Examples of Selectors via WebdriverUni Contact Us Page",
              "fullTitle": "Selector examples Examples of Selectors via WebdriverUni Contact Us Page",
              "timedOut": null,
              "duration": 642,
              "state": "failed",
              "speed": null,
              "pass": false,
              "fail": true,
              "pending": false,
              "context": null,
              "code": "cy.visit(\"http://www.webdriveruniversity.com/Contact-Us/contactus.html\");\n//By tag name\ncy.get(\"input\");\n//By attribute name and value\ncy.get(\"input[name='first_name']\");\n//By id\ncy.get(\"#contact_me\");\n//By class\ncy.get(\".feedback-input\");\n//By multiple classes\ncy.get(\"[class='navbar navbar-inverse navbar-fixed-top']\");\n//By two different attributes\ncy.get(\"[name='email'][placeholder='Email Address']\");\n//By xpath\ncy.xpath(\"//input[@name='first_name']\");",
              "err": {
                "message": "TypeError: cy.xpath is not a function",
                "estack": "TypeError: cy.xpath is not a function\n    at Context.eval (webpack://cypress-automation-framework/./cypress/e2e/automation-test-store/selectors.js:25:11)\n    at runnable.fn (http://www.webdriveruniversity.com/__cypress/runner/cypress_runner.js:141885:19)\n    at callFn (http://www.webdriveruniversity.com/__cypress/runner/cypress_runner.js:160954:21)\n    at Runnable.run (http://www.webdriveruniversity.com/__cypress/runner/cypress_runner.js:160941:7)\n    at <unknown> (http://www.webdriveruniversity.com/__cypress/runner/cypress_runner.js:167036:30)\n    at PassThroughHandlerContext.finallyHandler (http://www.webdriveruniversity.com/__cypress/runner/cypress_runner.js:4042:23)\n    at PassThroughHandlerContext.tryCatcher (http://www.webdriveruniversity.com/__cypress/runner/cypress_runner.js:1777:23)\n    at Promise._settlePromiseFromHandler (http://www.webdriveruniversity.com/__cypress/runner/cypress_runner.js:1489:31)\n    at Promise._settlePromise (http://www.webdriveruniversity.com/__cypress/runner/cypress_runner.js:1546:18)",
                "diff": null
              },
              "uuid": "8ca72c60-cdfc-47c7-b90d-5b5dcffbbfc7",
              "parentUUID": "08903b60-d5d4-4de5-ae13-2fa0255cd7d2",
              "isHook": false,
              "skipped": false
            }
          ],
          "suites": [],
          "passes": [],
          "failures": [
            "8ca72c60-cdfc-47c7-b90d-5b5dcffbbfc7"
          ],
          "pending": [],
          "skipped": [],
          "duration": 642,
          "root": false,
          "rootEmpty": false,
          "_timeout": 2000
        }
      ],
      "passes": [],
      "failures": [],
      "pending": [],
      "skipped": [],
      "duration": 0,
      "root": true,
      "rootEmpty": true,
      "_timeout": 2000
    }
  ],
  "meta": {
    "mocha": {
      "version": "7.2.0"
    },
    "mochawesome": {
      "options": {
        "quiet": false,
        "reportFilename": "mochawesome",
        "saveHtml": false,
        "saveJson": true,
        "consoleReporter": "spec",
        "useInlineDiffs": false,
        "code": true
      },
      "version": "7.1.3"
    },
    "marge": {
      "options": {
        "id": "default",
        "reportDir": "cypress/results/mochawesome",
        "quite": true,
        "overwrite": false,
        "html": false,
        "json": true
      },
      "version": "6.2.0"
    }
  }
}