{
  "stats": {
    "suites": 1,
    "tests": 1,
    "passes": 0,
    "pending": 0,
    "failures": 1,
    "start": "2025-08-20T20:40:03.435Z",
    "end": "2025-08-20T20:40:27.127Z",
    "duration": 23692,
    "testsRegistered": 1,
    "passPercent": 0,
    "pendingPercent": 0,
    "other": 0,
    "hasOther": false,
    "skipped": 0,
    "hasSkipped": false
  },
  "results": [
    {
      "uuid": "41ad7ad6-81d3-4ade-bb36-2f8589a3dcdd",
      "title": "",
      "fullFile": "cypress/e2e/automation-test-store/add-multiple-items-to-basket.js",
      "file": "cypress/e2e/automation-test-store/add-multiple-items-to-basket.js",
      "beforeHooks": [],
      "afterHooks": [],
      "tests": [],
      "suites": [
        {
          "uuid": "4bc8694f-3eca-43ca-9daa-2b08bd87869f",
          "title": "Add multiple items to basket",
          "fullFile": "",
          "file": "",
          "beforeHooks": [],
          "afterHooks": [],
          "tests": [
            {
              "title": "Add specific items to basket",
              "fullTitle": "Add multiple items to basket Add specific items to basket",
              "timedOut": null,
              "duration": 19346,
              "state": "failed",
              "speed": null,
              "pass": false,
              "fail": true,
              "pending": false,
              "context": null,
              "code": "autoStore_HairCare_PO.addHairCareProductsToBasket();",
              "err": {
                "message": "CypressError: Timed out retrying after 10050ms: `cy.click()` failed because this element is not visible:\n\n`<a data-id=\"69\" href=\"https://automationteststore.com/index.php?rt=product/product&amp;product_id=69\" class=\"productcart\" title=\"Add to Cart\">...</a>`\n\nThis element `<a.productcart>` is not visible because its parent `<div.thumbnails.list.row>` has CSS property: `display: none`\n\nFix this problem, or use `{force: true}` to disable error checking.\n\nhttps://on.cypress.io/element-cannot-be-interacted-with",
                "estack": "CypressError: Timed out retrying after 10050ms: `cy.click()` failed because this element is not visible:\n\n`<a data-id=\"69\" href=\"https://automationteststore.com/index.php?rt=product/product&amp;product_id=69\" class=\"productcart\" title=\"Add to Cart\">...</a>`\n\nThis element `<a.productcart>` is not visible because its parent `<div.thumbnails.list.row>` has CSS property: `display: none`\n\nFix this problem, or use `{force: true}` to disable error checking.\n\nhttps://on.cypress.io/element-cannot-be-interacted-with\n    at runVisibilityCheck (https://www.automationteststore.com/__cypress/runner/cypress_runner.js:148455:58)\n    at Object.isStrictlyVisible (https://www.automationteststore.com/__cypress/runner/cypress_runner.js:148469:10)\n    at runAllChecks (https://www.automationteststore.com/__cypress/runner/cypress_runner.js:114543:26)\n    at retryActionability (https://www.automationteststore.com/__cypress/runner/cypress_runner.js:114611:16)\n    at tryCatcher (https://www.automationteststore.com/__cypress/runner/cypress_runner.js:1777:23)\n    at Promise.attempt.Promise.try (https://www.automationteststore.com/__cypress/runner/cypress_runner.js:4285:29)\n    at whenStable (https://www.automationteststore.com/__cypress/runner/cypress_runner.js:147282:68)\n    at <unknown> (https://www.automationteststore.com/__cypress/runner/cypress_runner.js:147223:14)\n    at tryCatcher (https://www.automationteststore.com/__cypress/runner/cypress_runner.js:1777:23)\n    at Promise._settlePromiseFromHandler (https://www.automationteststore.com/__cypress/runner/cypress_runner.js:1489:31)\n    at Promise._settlePromise (https://www.automationteststore.com/__cypress/runner/cypress_runner.js:1546:18)\n    at Promise._settlePromise0 (https://www.automationteststore.com/__cypress/runner/cypress_runner.js:1591:10)\n    at Promise._settlePromises (https://www.automationteststore.com/__cypress/runner/cypress_runner.js:1671:18)\n    at Promise._fulfill (https://www.automationteststore.com/__cypress/runner/cypress_runner.js:1615:18)\n    at <unknown> (https://www.automationteststore.com/__cypress/runner/cypress_runner.js:5420:46)\nFrom Your Spec Code:\n    at Context.eval (webpack://cypress-automation-framework/./cypress/support/commands.js:43:45)\n    at Context.callback (https://www.automationteststore.com/__cypress/runner/cypress_runner.js:121003:26)\n    at getRet (https://www.automationteststore.com/__cypress/runner/cypress_runner.js:120768:20)\n    at tryCatcher (https://www.automationteststore.com/__cypress/runner/cypress_runner.js:1777:23)\n    at Promise.attempt.Promise.try (https://www.automationteststore.com/__cypress/runner/cypress_runner.js:4285:29)\n    at thenFn (https://www.automationteststore.com/__cypress/runner/cypress_runner.js:120779:66)\n    at yieldItem (https://www.automationteststore.com/__cypress/runner/cypress_runner.js:121011:16)\n    at tryCatcher (https://www.automationteststore.com/__cypress/runner/cypress_runner.js:1777:23)\n    at Object.gotValue (https://www.automationteststore.com/__cypress/runner/cypress_runner.js:6446:18)",
                "diff": null
              },
              "uuid": "0cfc82a5-a72a-42ff-b52e-57635313ae2e",
              "parentUUID": "4bc8694f-3eca-43ca-9daa-2b08bd87869f",
              "isHook": false,
              "skipped": false
            }
          ],
          "suites": [],
          "passes": [],
          "failures": [
            "0cfc82a5-a72a-42ff-b52e-57635313ae2e"
          ],
          "pending": [],
          "skipped": [],
          "duration": 19346,
          "root": false,
          "rootEmpty": false,
          "_timeout": 2000
        }
      ],
      "passes": [],
      "failures": [],
      "pending": [],
      "skipped": [],
      "duration": 0,
      "root": true,
      "rootEmpty": true,
      "_timeout": 2000
    }
  ],
  "meta": {
    "mocha": {
      "version": "7.2.0"
    },
    "mochawesome": {
      "options": {
        "quiet": false,
        "reportFilename": "mochawesome",
        "saveHtml": false,
        "saveJson": true,
        "consoleReporter": "spec",
        "useInlineDiffs": false,
        "code": true
      },
      "version": "7.1.3"
    },
    "marge": {
      "options": {
        "id": "default",
        "reportDir": "cypress/results/mochawesome",
        "quite": true,
        "overwrite": false,
        "html": false,
        "json": true
      },
      "version": "6.2.0"
    }
  }
}