{
  "stats": {
    "suites": 1,
    "tests": 4,
    "passes": 4,
    "pending": 0,
    "failures": 0,
    "start": "2025-08-20T20:41:30.215Z",
    "end": "2025-08-20T20:41:58.368Z",
    "duration": 28153,
    "testsRegistered": 4,
    "passPercent": 100,
    "pendingPercent": 0,
    "other": 0,
    "hasOther": false,
    "skipped": 0,
    "hasSkipped": false
  },
  "results": [
    {
      "uuid": "fdadeeee-1607-4cf2-9cfa-46973ad7b6c6",
      "title": "",
      "fullFile": "cypress/e2e/automation-test-store/iterate-over-elements.js",
      "file": "cypress/e2e/automation-test-store/iterate-over-elements.js",
      "beforeHooks": [],
      "afterHooks": [],
      "tests": [],
      "suites": [
        {
          "uuid": "5274c4fb-dab8-4dcc-93fe-657b776e809f",
          "title": "Iterate over elements",
          "fullFile": "",
          "file": "",
          "beforeHooks": [],
          "afterHooks": [],
          "tests": [
            {
              "title": "Log information of all hair care products",
              "fullTitle": "Iterate over elements Log information of all hair care products",
              "timedOut": null,
              "duration": 7853,
              "state": "passed",
              "speed": "medium",
              "pass": true,
              "fail": false,
              "pending": false,
              "context": null,
              "code": "cy.get(\".fixed_wrapper .prdocutname\").each(($el, index, $list) => {\n  cy.log(\"Index: \" + index + \" : \" + $el.text());\n});",
              "err": {},
              "uuid": "466a9d79-c9b0-497a-a4e9-ee9bc846fd4b",
              "parentUUID": "5274c4fb-dab8-4dcc-93fe-657b776e809f",
              "isHook": false,
              "skipped": false
            },
            {
              "title": "Add specific product to basket",
              "fullTitle": "Iterate over elements Add specific product to basket",
              "timedOut": null,
              "duration": 4779,
              "state": "passed",
              "speed": "fast",
              "pass": true,
              "fail": false,
              "pending": false,
              "context": null,
              "code": "cy.selectProduct('Curls to straight Shampoo');",
              "err": {},
              "uuid": "83a0d960-b1ee-410f-82a1-3f95d0721774",
              "parentUUID": "5274c4fb-dab8-4dcc-93fe-657b776e809f",
              "isHook": false,
              "skipped": false
            },
            {
              "title": "Add another specific product to basket",
              "fullTitle": "Iterate over elements Add another specific product to basket",
              "timedOut": null,
              "duration": 5276,
              "state": "passed",
              "speed": "medium",
              "pass": true,
              "fail": false,
              "pending": false,
              "context": null,
              "code": "cy.selectProduct('Seaweed Conditioner');",
              "err": {},
              "uuid": "4fe02aae-e4de-418c-a882-feb8ff8b7bca",
              "parentUUID": "5274c4fb-dab8-4dcc-93fe-657b776e809f",
              "isHook": false,
              "skipped": false
            },
            {
              "title": "Add another specific product to basket 2",
              "fullTitle": "Iterate over elements Add another specific product to basket 2",
              "timedOut": null,
              "duration": 5429,
              "state": "passed",
              "speed": "medium",
              "pass": true,
              "fail": false,
              "pending": false,
              "context": null,
              "code": "cy.selectProduct('Eau Parfumee au The Vert Shampoo');",
              "err": {},
              "uuid": "b3268fbd-26a0-4be3-8e16-a6faa361fb29",
              "parentUUID": "5274c4fb-dab8-4dcc-93fe-657b776e809f",
              "isHook": false,
              "skipped": false
            }
          ],
          "suites": [],
          "passes": [
            "466a9d79-c9b0-497a-a4e9-ee9bc846fd4b",
            "83a0d960-b1ee-410f-82a1-3f95d0721774",
            "4fe02aae-e4de-418c-a882-feb8ff8b7bca",
            "b3268fbd-26a0-4be3-8e16-a6faa361fb29"
          ],
          "failures": [],
          "pending": [],
          "skipped": [],
          "duration": 23337,
          "root": false,
          "rootEmpty": false,
          "_timeout": 2000
        }
      ],
      "passes": [],
      "failures": [],
      "pending": [],
      "skipped": [],
      "duration": 0,
      "root": true,
      "rootEmpty": true,
      "_timeout": 2000
    }
  ],
  "meta": {
    "mocha": {
      "version": "7.2.0"
    },
    "mochawesome": {
      "options": {
        "quiet": false,
        "reportFilename": "mochawesome",
        "saveHtml": false,
        "saveJson": true,
        "consoleReporter": "spec",
        "useInlineDiffs": false,
        "code": true
      },
      "version": "7.1.3"
    },
    "marge": {
      "options": {
        "id": "default",
        "reportDir": "cypress/results/mochawesome",
        "quite": true,
        "overwrite": false,
        "html": false,
        "json": true
      },
      "version": "6.2.0"
    }
  }
}